<?xml version="1.0" encoding="UTF-8"?><testrun name="Rerun com.myriad.aim.TestHbasePut.doCopyTableTestWithHash" project="myriad" tests="1" started="1" failures="0" errors="1" ignored="0">
  <testcase name="initializationError" classname="org.junit.runner.manipulation.Filter" time="0.0">
    <error>java.lang.Exception: No tests found matching [{ExactMatcher:fDisplayName=doCopyTableTestWithHash], {ExactMatcher:fDisplayName=doCopyTableTestWithHash(com.myriad.aim.TestHbasePut)], {LeadingIdentifierMatcher:fClassName=com.myriad.aim.TestHbasePut,fLeadingIdentifier=doCopyTableTestWithHash]] from org.junit.internal.requests.ClassRequest@136432db
	at org.junit.internal.requests.FilterRequest.getRunner(FilterRequest.java:40)
	at org.eclipse.jdt.internal.junit4.runner.JUnit4TestLoader.createFilteredTest(JUnit4TestLoader.java:80)
	at org.eclipse.jdt.internal.junit4.runner.JUnit4TestLoader.createTest(JUnit4TestLoader.java:71)
	at org.eclipse.jdt.internal.junit4.runner.JUnit4TestLoader.loadTests(JUnit4TestLoader.java:46)
	at org.eclipse.jdt.internal.junit.runner.RemoteTestRunner.runTests(RemoteTestRunner.java:522)
	at org.eclipse.jdt.internal.junit.runner.RemoteTestRunner.runTests(RemoteTestRunner.java:760)
	at org.eclipse.jdt.internal.junit.runner.RemoteTestRunner.run(RemoteTestRunner.java:460)
	at org.eclipse.jdt.internal.junit.runner.RemoteTestRunner.main(RemoteTestRunner.java:206)

</error>
  </testcase>
</testrun>
